<?xml version="1.0" encoding="UTF-8"?>
<testsuite xmlns:xsi="http://www.w3.org/2001/XMLSchema-instance" xsi:noNamespaceSchemaLocation="https://maven.apache.org/surefire/maven-surefire-plugin/xsd/surefire-test-report.xsd" version="3.0.1" name="com.mycompany.app.FlashcardAppTest" time="0.08" tests="3" errors="3" skipped="0" failures="0">
  <properties>
[...]
</properties>
  <testcase name="testAskQuestions" classname="com.mycompany.app.FlashcardAppTest" time="0.033">
    <error message="Unresolved compilation problem: &#10;	The method askQuestions(List&lt;Flashcard&gt;, int, boolean, String) from the type FlashcardApp is not visible&#10;" type="java.lang.Error"><![CDATA[java.lang.Error: 
Unresolved compilation problem: 
	The method askQuestions(List<Flashcard>, int, boolean, String) from the type FlashcardApp is not visible

	at com.mycompany.app.FlashcardAppTest.testAskQuestions(FlashcardAppTest.java:73)
	at java.base/java.lang.reflect.Method.invoke(Method.java:580)
	at java.base/java.util.ArrayList.forEach(ArrayList.java:1596)
	at java.base/java.util.ArrayList.forEach(ArrayList.java:1596)
]]></error>
  </testcase>
  <testcase name="testGetCardOrganizer" classname="com.mycompany.app.FlashcardAppTest" time="0.004">
    <error message="Unresolved compilation problems: &#10;	The method getCardOrganizer(String) from the type FlashcardApp is not visible&#10;	The method getCardOrganizer(String) from the type FlashcardApp is not visible&#10;	The method getCardOrganizer(String) from the type FlashcardApp is not visible&#10;	The method getCardOrganizer(String) from the type FlashcardApp is not visible&#10;" type="java.lang.Error"><![CDATA[java.lang.Error: 
Unresolved compilation problems: 
	The method getCardOrganizer(String) from the type FlashcardApp is not visible
	The method getCardOrganizer(String) from the type FlashcardApp is not visible
	The method getCardOrganizer(String) from the type FlashcardApp is not visible
	The method getCardOrganizer(String) from the type FlashcardApp is not visible

	at com.mycompany.app.FlashcardAppTest.testGetCardOrganizer(FlashcardAppTest.java:41)
	at java.base/java.lang.reflect.Method.invoke(Method.java:580)
	at java.base/java.util.ArrayList.forEach(ArrayList.java:1596)
	at java.base/java.util.ArrayList.forEach(ArrayList.java:1596)
]]></error>
  </testcase>
  <testcase name="testLoadCards" classname="com.mycompany.app.FlashcardAppTest" time="0.003">
    <error message="Unresolved compilation problem: &#10;	The method loadCards(String) from the type FlashcardApp is not visible&#10;" type="java.lang.Error"><![CDATA[java.lang.Error: 
Unresolved compilation problem: 
	The method loadCards(String) from the type FlashcardApp is not visible

	at com.mycompany.app.FlashcardAppTest.testLoadCards(FlashcardAppTest.java:25)
	at java.base/java.lang.reflect.Method.invoke(Method.java:580)
	at java.base/java.util.ArrayList.forEach(ArrayList.java:1596)
	at java.base/java.util.ArrayList.forEach(ArrayList.java:1596)
]]></error>
  </testcase>
</testsuite>